<?xml version="1.0" encoding="UTF-8"?>
<!-- Generated by org.testng.reporters.JUnitReportReporter -->
<testsuite hostname="DESKTOP-Q54L9MU" failures="0" tests="1" name="cars.LambarghiniTest" time="5.325" errors="0" timestamp="2024-11-19T11:36:50 IST" skipped="0">
  <testcase classname="cars.LambarghiniTest" name="launch" time="5.325"/>
  <system-out>
    <![CDATA[Lamborghini launched successfully]]>
  </system-out>
</testsuite> <!-- cars.LambarghiniTest -->
