<?xml version="1.0" encoding="UTF-8"?>
<!-- Generated by org.testng.reporters.JUnitReportReporter -->
<testsuite hostname="DESKTOP-Q54L9MU" failures="0" tests="1" name="cars.AudiTest" time="5.678" errors="0" timestamp="2024-11-19T11:36:50 IST" skipped="0">
  <testcase classname="cars.AudiTest" name="launch" time="5.678"/>
  <system-out>
    <![CDATA[Audi launched successfully]]>
  </system-out>
</testsuite> <!-- cars.AudiTest -->
